<?xml version="1.0" encoding="UTF-8"?>
<testng-results ignored="0" total="1" passed="1" failed="0" skipped="0">
  <reporter-output>
  </reporter-output>
  <suite started-at="2024-11-18T18:21:27 PST" name="Stress Test Suite" finished-at="2024-11-18T18:21:55 PST" duration-ms="28298">
    <groups>
    </groups>
    <test started-at="2024-11-18T18:21:27 PST" name="Stress Test with Multiple Users" finished-at="2024-11-18T18:21:55 PST" duration-ms="28298">
      <class name="com.kapiton.store.StartPageTest">
        <test-method is-config="true" signature="setUp()[pri:0, instance:com.kapiton.store.StartPageTest@5fbdfdcf]" started-at="2024-11-18T18:21:27 PST" name="setUp" finished-at="2024-11-18T18:21:27 PST" duration-ms="341" status="PASS">
          <reporter-output>
          </reporter-output>
        </test-method> <!-- setUp -->
        <test-method signature="testNavigateToPages(int,int)[pri:0, instance:com.kapiton.store.StartPageTest@5fbdfdcf]" started-at="2024-11-18T18:21:27 PST" name="testNavigateToPages" finished-at="2024-11-18T18:21:55 PST" duration-ms="28261" status="PASS">
          <params>
            <param index="0">
              <value>
                <![CDATA[10]]>
              </value>
            </param>
            <param index="1">
              <value>
                <![CDATA[5]]>
              </value>
            </param>
          </params>
          <reporter-output>
          </reporter-output>
        </test-method> <!-- testNavigateToPages -->
        <test-method is-config="true" signature="tearDown()[pri:0, instance:com.kapiton.store.StartPageTest@5fbdfdcf]" started-at="2024-11-18T18:21:55 PST" name="tearDown" finished-at="2024-11-18T18:21:56 PST" duration-ms="581" status="PASS">
          <reporter-output>
          </reporter-output>
        </test-method> <!-- tearDown -->
      </class> <!-- com.kapiton.store.StartPageTest -->
    </test> <!-- Stress Test with Multiple Users -->
  </suite> <!-- Stress Test Suite -->
</testng-results>
