<?xml version="1.0" encoding="UTF-8"?>
<testng-results ignored="0" total="2" passed="2" failed="0" skipped="0">
  <reporter-output>
  </reporter-output>
  <suite started-at="2024-11-14T09:17:36 PST" name="Stress Test Suite" finished-at="2024-11-14T09:29:59 PST" duration-ms="742732">
    <groups>
    </groups>
    <test started-at="2024-11-14T09:17:36 PST" name="Stress Test with Multiple Users" finished-at="2024-11-14T09:29:59 PST" duration-ms="742732">
      <class name="com.kapiton.store.StartPageTest">
        <test-method is-config="true" signature="setUp()[pri:0, instance:com.kapiton.store.StartPageTest@201a4587]" started-at="2024-11-14T09:17:36 PST" name="setUp" finished-at="2024-11-14T09:17:36 PST" duration-ms="248" status="PASS">
          <reporter-output>
          </reporter-output>
        </test-method> <!-- setUp -->
        <test-method signature="testLogin(int,int)[pri:0, instance:com.kapiton.store.StartPageTest@201a4587]" started-at="2024-11-14T09:17:36 PST" name="testLogin" finished-at="2024-11-14T09:19:28 PST" duration-ms="111721" status="PASS">
          <params>
            <param index="0">
              <value>
                <![CDATA[10]]>
              </value>
            </param>
            <param index="1">
              <value>
                <![CDATA[5]]>
              </value>
            </param>
          </params>
          <reporter-output>
          </reporter-output>
        </test-method> <!-- testLogin -->
        <test-method signature="testNavigateToPages(int,int)[pri:0, instance:com.kapiton.store.StartPageTest@201a4587]" started-at="2024-11-14T09:19:28 PST" name="testNavigateToPages" finished-at="2024-11-14T09:29:59 PST" duration-ms="630956" status="PASS">
          <params>
            <param index="0">
              <value>
                <![CDATA[10]]>
              </value>
            </param>
            <param index="1">
              <value>
                <![CDATA[5]]>
              </value>
            </param>
          </params>
          <reporter-output>
          </reporter-output>
        </test-method> <!-- testNavigateToPages -->
        <test-method is-config="true" signature="tearDown()[pri:0, instance:com.kapiton.store.StartPageTest@201a4587]" started-at="2024-11-14T09:29:59 PST" name="tearDown" finished-at="2024-11-14T09:29:59 PST" duration-ms="558" status="PASS">
          <reporter-output>
          </reporter-output>
        </test-method> <!-- tearDown -->
      </class> <!-- com.kapiton.store.StartPageTest -->
    </test> <!-- Stress Test with Multiple Users -->
  </suite> <!-- Stress Test Suite -->
</testng-results>
