<?xml version="1.0" encoding="UTF-8"?>
<!-- Generated by org.testng.reporters.JUnitXMLReporter -->
<testsuite ignored="0" hostname="BlueHat" failures="0" tests="2" name="Stress Test with Multiple Users" time="742.732" errors="0" timestamp="2024-11-14T09:29:59 PST">
  <testcase classname="com.kapiton.store.StartPageTest" name="testLogin" time="111.721"/>
  <testcase classname="com.kapiton.store.StartPageTest" name="testNavigateToPages" time="630.956"/>
</testsuite> <!-- Stress Test with Multiple Users -->
