<?xml version="1.0" encoding="UTF-8"?>
<!-- Generated by org.testng.reporters.JUnitXMLReporter -->
<testsuite ignored="0" hostname="BlueHat" failures="0" tests="2" name="Stress Test with Multiple Users" time="31.892" errors="0" timestamp="2024-11-20T20:07:33 PST">
  <testcase classname="com.kapiton.store.StartPageTest" name="testLogin" time="11.654"/>
  <testcase classname="com.kapiton.store.StartPageTest" name="testNavigateToPages" time="20.177"/>
</testsuite> <!-- Stress Test with Multiple Users -->
